

Version:	3.50
CmdLine:	C:\Users\lisan\Desktop\Portfolio\TP3\Tokyo2020\test.exe --l4j-debug
JNI:		No
WOW64:		Yes
Working dir:	C:\Users\lisan\Desktop\Portfolio\TP3\Tokyo2020\.
Requires JDK:	No
Requires 64-Bit: No
Java min ver:	1.006.000
Java max ver:	
Substitute:	JAVA_HOME = C:\Program Files\Java\jdk-19
Substitute:	PATH = C:\Users\lisan\Desktop\udemy-downloader-master\dependencies;C:\Program Files (x86)\Common Files\Oracle\Java\javapath;C:\Program Files (x86)\NVIDIA Corporation\PhysX\Common;C:\WINDOWS\system32;C:\WINDOWS;C:\WINDOWS\System32\Wbem;C:\WINDOWS\System32\WindowsPowerShell\v1.0\;C:\WINDOWS\System32\OpenSSH\;C:\Program Files\Java\jdk-19\bin;C:\aria2c;C:\Users\lisan\AppData\Local\Programs\Python\Python310\Scripts\;C:\Users\lisan\AppData\Local\Programs\Python\Python310\;C:\Users\lisan\AppData\Local\Microsoft\WindowsApps;C:\Users\lisan\Downloads\PhoenixSuit_V1.10\;C:\Program Files\heroku\bin;C:\Users\lisan\Desktop\udemy-downloader-master\dependencies\ffmpeg-2023-02-27-git-891ed24f77-full_build\bin;C:\Users\lisan\Desktop\udemy-downloader-master\dependencies\aria2-1.36.0-win-64bit-build1;C:\Users\lisan\Desktop\udemy-downloader-master\dependencies\Bento4-SDK-1-6-0-639.x86_64-microsoft-win32\bin;C:\Users\lisan\Desktop\udemy-downloader-master\dependencies;C:\aria2c;;C:\Program Files\Java\jdk-19\bin
JRE paths:	C:\Program Files\Java\jdk-19;C:\Users\lisan\Desktop\udemy-downloader-master\dependencies;C:\Program Files (x86)\Common Files\Oracle\Java\javapath;C:\Program Files (x86)\NVIDIA Corporation\PhysX\Common;C:\WINDOWS\system32;C:\WINDOWS;C:\WINDOWS\System32\Wbem;C:\WINDOWS\System32\WindowsPowerShell\v1.0\;C:\WINDOWS\System32\OpenSSH\;C:\Program Files\Java\jdk-19\bin;C:\aria2c;C:\Users\lisan\AppData\Local\Programs\Python\Python310\Scripts\;C:\Users\lisan\AppData\Local\Programs\Python\Python310\;C:\Users\lisan\AppData\Local\Microsoft\WindowsApps;C:\Users\lisan\Downloads\PhoenixSuit_V1.10\;C:\Program Files\heroku\bin;C:\Users\lisan\Desktop\udemy-downloader-master\dependencies\ffmpeg-2023-02-27-git-891ed24f77-full_build\bin;C:\Users\lisan\Desktop\udemy-downloader-master\dependencies\aria2-1.36.0-win-64bit-build1;C:\Users\lisan\Desktop\udemy-downloader-master\dependencies\Bento4-SDK-1-6-0-639.x86_64-microsoft-win32\bin;C:\Users\lisan\Desktop\udemy-downloader-master\dependencies;C:\aria2c;;C:\Program Files\Java\jdk-19\bin
Check launcher:	C:\Program Files\Java\jdk-19\bin\javaw.exe (OK)
Version string: 1.019.000_002 / 64-Bit (OK)
Launcher:	C:\Program Files\Java\jdk-19\bin\javaw.exe
Launcher args:	-jar "C:\Users\lisan\Desktop\Portfolio\TP3\Tokyo2020\test.exe"
Args length:	62/32768 chars
Exit code:	0


Version:	3.50
CmdLine:	C:\Users\lisan\Desktop\Portfolio\TP3\Tokyo2020\test.exe --l4j-debug
JNI:		No
WOW64:		Yes
Working dir:	C:\Users\lisan\Desktop\Portfolio\TP3\Tokyo2020\.
Requires JDK:	No
Requires 64-Bit: No
Java min ver:	1.006.000
Java max ver:	
Substitute:	JAVA_HOME = C:\Program Files\Java\jdk-19
Substitute:	PATH = C:\Users\lisan\Desktop\udemy-downloader-master\dependencies;C:\Program Files (x86)\Common Files\Oracle\Java\javapath;C:\Program Files (x86)\NVIDIA Corporation\PhysX\Common;C:\WINDOWS\system32;C:\WINDOWS;C:\WINDOWS\System32\Wbem;C:\WINDOWS\System32\WindowsPowerShell\v1.0\;C:\WINDOWS\System32\OpenSSH\;C:\Program Files\Java\jdk-19\bin;C:\aria2c;C:\Users\lisan\AppData\Local\Programs\Python\Python310\Scripts\;C:\Users\lisan\AppData\Local\Programs\Python\Python310\;C:\Users\lisan\AppData\Local\Microsoft\WindowsApps;C:\Users\lisan\Downloads\PhoenixSuit_V1.10\;C:\Program Files\heroku\bin;C:\Users\lisan\Desktop\udemy-downloader-master\dependencies\ffmpeg-2023-02-27-git-891ed24f77-full_build\bin;C:\Users\lisan\Desktop\udemy-downloader-master\dependencies\aria2-1.36.0-win-64bit-build1;C:\Users\lisan\Desktop\udemy-downloader-master\dependencies\Bento4-SDK-1-6-0-639.x86_64-microsoft-win32\bin;C:\Users\lisan\Desktop\udemy-downloader-master\dependencies;C:\aria2c;;C:\Program Files\Java\jdk-19\bin
JRE paths:	C:\Program Files\Java\jdk-19;C:\Users\lisan\Desktop\udemy-downloader-master\dependencies;C:\Program Files (x86)\Common Files\Oracle\Java\javapath;C:\Program Files (x86)\NVIDIA Corporation\PhysX\Common;C:\WINDOWS\system32;C:\WINDOWS;C:\WINDOWS\System32\Wbem;C:\WINDOWS\System32\WindowsPowerShell\v1.0\;C:\WINDOWS\System32\OpenSSH\;C:\Program Files\Java\jdk-19\bin;C:\aria2c;C:\Users\lisan\AppData\Local\Programs\Python\Python310\Scripts\;C:\Users\lisan\AppData\Local\Programs\Python\Python310\;C:\Users\lisan\AppData\Local\Microsoft\WindowsApps;C:\Users\lisan\Downloads\PhoenixSuit_V1.10\;C:\Program Files\heroku\bin;C:\Users\lisan\Desktop\udemy-downloader-master\dependencies\ffmpeg-2023-02-27-git-891ed24f77-full_build\bin;C:\Users\lisan\Desktop\udemy-downloader-master\dependencies\aria2-1.36.0-win-64bit-build1;C:\Users\lisan\Desktop\udemy-downloader-master\dependencies\Bento4-SDK-1-6-0-639.x86_64-microsoft-win32\bin;C:\Users\lisan\Desktop\udemy-downloader-master\dependencies;C:\aria2c;;C:\Program Files\Java\jdk-19\bin
Check launcher:	C:\Program Files\Java\jdk-19\bin\javaw.exe (OK)
Version string: 1.019.000_002 / 64-Bit (OK)
Launcher:	C:\Program Files\Java\jdk-19\bin\javaw.exe
Launcher args:	-jar "C:\Users\lisan\Desktop\Portfolio\TP3\Tokyo2020\test.exe"
Args length:	62/32768 chars
Exit code:	0
